<?xml version="1.0" encoding="UTF-8"?>
<!-- Generated by org.testng.reporters.JUnitReportReporter -->
<testsuite skipped="0" hostname="KunalMalik" name="testcases.LoginPageTest" tests="3" failures="0" timestamp="18 Jan 2018 18:06:08 GMT" time="58.327" errors="0">
  <testcase name="loginPageTitleTest" time="9.928" classname="testcases.LoginPageTest"/>
  <testcase name="loginTest" time="35.064" classname="testcases.LoginPageTest"/>
  <testcase name="sign" time="13.335" classname="testcases.LoginPageTest"/>
</testsuite> <!-- testcases.LoginPageTest -->
