<?xml version="1.0" encoding="UTF-8"?>
<!-- Generated by org.testng.reporters.JUnitReportReporter -->
<testsuite skipped="1" hostname="KunalMalik" name="testcases.HomePageTest" tests="4" failures="0" timestamp="18 Mar 2018 02:24:30 GMT" time="77.269" errors="0">
  <testcase name="homePageTitleTest" time="19.921" classname="testcases.HomePageTest"/>
  <testcase name="verifyUserNameTest" time="20.747" classname="testcases.HomePageTest"/>
  <testcase name="verifyContactsLinkTest" time="19.452" classname="testcases.HomePageTest"/>
  <testcase name="demoTestSkip" time="17.149" classname="testcases.HomePageTest">
    <skipped/>
  </testcase> <!-- demoTestSkip -->
</testsuite> <!-- testcases.HomePageTest -->
