<?xml version="1.0" encoding="UTF-8"?>
<!-- Generated by org.testng.reporters.JUnitReportReporter -->
<testsuite skipped="0" hostname="KunalMalik" name="testcases.LoginPageTest" tests="3" failures="0" timestamp="18 Mar 2018 02:24:30 GMT" time="49.668" errors="0">
  <testcase name="loginPageTitleTest" time="10.114" classname="testcases.LoginPageTest"/>
  <testcase name="loginTest" time="23.210" classname="testcases.LoginPageTest"/>
  <testcase name="sign" time="16.344" classname="testcases.LoginPageTest"/>
</testsuite> <!-- testcases.LoginPageTest -->
