<?xml version="1.0" encoding="UTF-8"?>
<!-- Generated by org.testng.reporters.JUnitReportReporter -->
<testsuite skipped="0" hostname="KunalMalik" name="testcases.ContactsPageTest" tests="2" failures="0" timestamp="18 Mar 2018 02:24:30 GMT" time="49.392" errors="0">
  <testcase name="verifyContactsLabelTest" time="21.294" classname="testcases.ContactsPageTest"/>
  <testcase name="validateCreateNewContactTest" time="28.098" classname="testcases.ContactsPageTest"/>
</testsuite> <!-- testcases.ContactsPageTest -->
